<?xml version="1.0" encoding="UTF-8"?>
<testsuite xmlns:xsi="http://www.w3.org/2001/XMLSchema-instance" xsi:noNamespaceSchemaLocation="https://maven.apache.org/surefire/maven-surefire-plugin/xsd/surefire-test-report.xsd" name="com.facilvirtual.fvstoresdesk.service.ProductServiceTest" time="1.277" tests="3" errors="0" skipped="0" failures="0">
  <properties>
[...]
</properties>
  <testcase name="testFindById_Found" classname="com.facilvirtual.fvstoresdesk.service.ProductServiceTest" time="1.243"/>
  <testcase name="testGetAllProducts" classname="com.facilvirtual.fvstoresdesk.service.ProductServiceTest" time="0.004"/>
  <testcase name="testFindById_NotFound" classname="com.facilvirtual.fvstoresdesk.service.ProductServiceTest" time="0.005"/>
</testsuite>